<?xml version="1.0" encoding="UTF-8"?>
<!-- Generated by org.testng.reporters.JUnitXMLReporter -->
<testsuite hostname="Jesse" name="Enter time off details for employee" tests="4" failures="0" timestamp="23 Jul 2014 21:21:16 GMT" time="38.839" errors="0">
  <testcase name="testEnterTimeOffDetails" time="7.39" classname="com.orasi.bluesource.test.TestEnterTimeOffDetails"/>
  <testcase name="testEnterTimeOffDetails" time="5.996" classname="com.orasi.bluesource.test.TestEnterTimeOffDetails"/>
  <testcase name="testEnterTimeOffDetails" time="5.884" classname="com.orasi.bluesource.test.TestEnterTimeOffDetails"/>
  <testcase name="testEnterTimeOffDetails" time="15.337" classname="com.orasi.bluesource.test.TestEnterTimeOffDetails"/>
</testsuite> <!-- Enter time off details for employee -->
