<?xml version="1.0" encoding="UTF-8"?>
<!-- Generated by org.testng.reporters.JUnitXMLReporter -->
<testsuite hostname="Jesse" name="Enter time off details for employee" tests="1" failures="1" timestamp="5 Aug 2014 16:07:12 GMT" time="16.514" errors="0">
  <testcase name="testCreateNewTitle" time="0.159" classname="com.orasi.bluesource.test.TestAddNewTitle">
    <failure type="java.lang.IllegalArgumentException" message="Can not set static com.orasi.bluesource.interfaces.Textbox field com.orasi.bluesource.pageObject.LoginPage.txtUsername to com.sun.proxy.$Proxy14">
      <![CDATA[java.lang.IllegalArgumentException: Can not set static com.orasi.bluesource.interfaces.Textbox field com.orasi.bluesource.pageObject.LoginPage.txtUsername to com.sun.proxy.$Proxy14
	at org.openqa.selenium.support.PageFactory.proxyFields(PageFactory.java:119)
	at org.openqa.selenium.support.PageFactory.initElements(PageFactory.java:107)
	at org.openqa.selenium.support.PageFactory.initElements(PageFactory.java:94)
	at org.openqa.selenium.support.PageFactory.initElements(PageFactory.java:81)
	at org.openqa.selenium.support.PageFactory.initElements(PageFactory.java:67)
	at com.orasi.bluesource.test.TestAddNewTitle.testCreateNewTitle(TestAddNewTitle.java:22)
... Removed 28 stack frames]]>
    </failure>
  </testcase> <!-- testCreateNewTitle -->
</testsuite> <!-- Enter time off details for employee -->
