<?xml version="1.0" encoding="UTF-8"?>
<testng-results skipped="0" failed="0" total="1" passed="1">
  <reporter-output>
    <line>
      <![CDATA[User was logged in successfully]]>
    </line>
    <line>
      <![CDATA[Navigated to the listing titles page<br>]]>
    </line>
    <line>
      <![CDATA[Navigated to the new title page<br>]]>
    </line>
    <line>
      <![CDATA[New Title was created: NewTitle605<br>]]>
    </line>
    <line>
      <![CDATA[New title was found in table of titles<br>]]>
    </line>
    <line>
      <![CDATA[New title was deleted successfully<br>]]>
    </line>
  </reporter-output>
  <suite name="Multiple Browsers" duration-ms="7940" started-at="2014-07-17T14:31:29Z" finished-at="2014-07-17T14:31:37Z">
    <groups>
    </groups>
    <test name="Add New Title_Chrome" duration-ms="7940" started-at="2014-07-17T14:31:29Z" finished-at="2014-07-17T14:31:37Z">
      <class name="com.orasi.bluesource.test.TestAddNewTitle">
        <test-method status="PASS" signature="launchBrowser(java.lang.String)" name="launchBrowser" is-config="true" duration-ms="3200" started-at="2014-07-17T14:31:29Z" finished-at="2014-07-17T14:31:33Z">
          <params>
            <param index="0">
              <value>
                <![CDATA[Chrome]]>
              </value>
            </param>
          </params>
        </test-method>
        <test-method status="PASS" signature="testCreateNewTitle(com.orasi.bluesource.dataObject.TestAddNewTitleData)" name="testCreateNewTitle" duration-ms="3521" started-at="2014-07-17T14:31:33Z" finished-at="2014-07-17T14:31:36Z">
          <params>
            <param index="0">
              <value>
                <![CDATA[com.orasi.bluesource.dataObject.TestAddNewTitleData@6cc15ede]]>
              </value>
            </param>
          </params>
        </test-method>
        <test-method status="PASS" signature="catchExceptions(org.testng.ITestResult)" name="catchExceptions" is-config="true" duration-ms="1" started-at="2014-07-17T14:31:36Z" finished-at="2014-07-17T14:31:36Z">
          <params>
            <param index="0">
              <value>
                <![CDATA[[TestResult: testCreateNewTitle STATUS:SUCCESS METHOD:com.orasi.bluesource.test.TestAddNewTitle.testCreateNewTitle(com.orasi.bluesource.dataObject.TestAddNewTitleData)User was logged in successfully]]>
              </value>
            </param>
          </params>
        </test-method>
        <test-method status="PASS" signature="cleanUp()" name="cleanUp" is-config="true" duration-ms="1197" started-at="2014-07-17T14:31:36Z" finished-at="2014-07-17T14:31:37Z">
        </test-method>
      </class>
    </test>
  </suite>
</testng-results>
