<?xml version="1.0" encoding="UTF-8"?>
<testng-results skipped="0" failed="0" total="4" passed="4">
  <reporter-output>
    <line>
      <![CDATA[User was logged in successfully]]>
    </line>
    <line>
      <![CDATA[Selected the first employee]]>
    </line>
    <line>
      <![CDATA[Time off was entered]]>
    </line>
    <line>
      <![CDATA[Time off was saved successfully]]>
    </line>
    <line>
      <![CDATA[Time off requests were deleted successfully]]>
    </line>
    <line>
      <![CDATA[User was logged in successfully]]>
    </line>
    <line>
      <![CDATA[Selected the first employee]]>
    </line>
    <line>
      <![CDATA[Time off was entered]]>
    </line>
    <line>
      <![CDATA[Time off was saved successfully]]>
    </line>
    <line>
      <![CDATA[Time off requests were deleted successfully]]>
    </line>
    <line>
      <![CDATA[User was logged in successfully]]>
    </line>
    <line>
      <![CDATA[Selected the first employee]]>
    </line>
    <line>
      <![CDATA[Time off was entered]]>
    </line>
    <line>
      <![CDATA[Time off was saved successfully]]>
    </line>
    <line>
      <![CDATA[Time off requests were deleted successfully]]>
    </line>
    <line>
      <![CDATA[User was logged in successfully]]>
    </line>
    <line>
      <![CDATA[Selected the first employee]]>
    </line>
    <line>
      <![CDATA[Time off was entered]]>
    </line>
    <line>
      <![CDATA[Time off was saved successfully]]>
    </line>
    <line>
      <![CDATA[Time off requests were deleted successfully]]>
    </line>
  </reporter-output>
  <suite name="Regression" duration-ms="38839" started-at="2014-07-23T21:20:37Z" finished-at="2014-07-23T21:21:16Z">
    <groups>
    </groups>
    <test name="Enter time off details for employee" duration-ms="38839" started-at="2014-07-23T21:20:37Z" finished-at="2014-07-23T21:21:16Z">
      <class name="com.orasi.bluesource.test.TestEnterTimeOffDetails">
        <test-method status="PASS" signature="launchBrowser(java.lang.String)[pri:0, instance:com.orasi.bluesource.test.TestEnterTimeOffDetails@6ce139a4]" name="launchBrowser" is-config="true" duration-ms="2974" started-at="2014-07-23T17:20:37Z" finished-at="2014-07-23T17:20:40Z">
          <params>
            <param index="0">
              <value>
                <![CDATA[Chrome]]>
              </value>
            </param>
          </params>
          <reporter-output>
          </reporter-output>
        </test-method> <!-- launchBrowser -->
        <test-method status="PASS" signature="testEnterTimeOffDetails(com.orasi.bluesource.dataObject.TestEnterTimeOffDetailsData)[pri:0, instance:com.orasi.bluesource.test.TestEnterTimeOffDetails@6ce139a4]" name="testEnterTimeOffDetails" duration-ms="7390" started-at="2014-07-23T17:20:40Z" data-provider="createTimeOffData" finished-at="2014-07-23T17:20:47Z">
          <params>
            <param index="0">
              <value>
                <![CDATA[com.orasi.bluesource.dataObject.TestEnterTimeOffDetailsData@ff684e1]]>
              </value>
            </param>
          </params>
          <reporter-output>
            <line>
              <![CDATA[User was logged in successfully]]>
            </line>
            <line>
              <![CDATA[Selected the first employee]]>
            </line>
            <line>
              <![CDATA[Time off was entered]]>
            </line>
            <line>
              <![CDATA[Time off was saved successfully]]>
            </line>
            <line>
              <![CDATA[Time off requests were deleted successfully]]>
            </line>
          </reporter-output>
        </test-method> <!-- testEnterTimeOffDetails -->
        <test-method status="PASS" signature="catchExceptions(org.testng.ITestResult)[pri:0, instance:com.orasi.bluesource.test.TestEnterTimeOffDetails@6ce139a4]" name="catchExceptions" is-config="true" duration-ms="1" started-at="2014-07-23T17:20:47Z" finished-at="2014-07-23T17:20:47Z">
          <params>
            <param index="0">
              <value>
                <![CDATA[[TestResult name=testEnterTimeOffDetails status=SUCCESS method=TestEnterTimeOffDetails.testEnterTimeOffDetails(com.orasi.bluesource.dataObject.TestEnterTimeOffDetailsData)[pri:0, instance:com.orasi.bluesource.test.TestEnterTimeOffDetails@6ce139a4] output=User was logged in successfully]]]>
              </value>
            </param>
          </params>
          <reporter-output>
          </reporter-output>
        </test-method> <!-- catchExceptions -->
        <test-method status="PASS" signature="testEnterTimeOffDetails(com.orasi.bluesource.dataObject.TestEnterTimeOffDetailsData)[pri:0, instance:com.orasi.bluesource.test.TestEnterTimeOffDetails@6ce139a4]" name="testEnterTimeOffDetails" duration-ms="5996" started-at="2014-07-23T17:20:47Z" data-provider="createTimeOffData" finished-at="2014-07-23T17:20:53Z">
          <params>
            <param index="0">
              <value>
                <![CDATA[com.orasi.bluesource.dataObject.TestEnterTimeOffDetailsData@349c1daf]]>
              </value>
            </param>
          </params>
          <reporter-output>
            <line>
              <![CDATA[User was logged in successfully]]>
            </line>
            <line>
              <![CDATA[Selected the first employee]]>
            </line>
            <line>
              <![CDATA[Time off was entered]]>
            </line>
            <line>
              <![CDATA[Time off was saved successfully]]>
            </line>
            <line>
              <![CDATA[Time off requests were deleted successfully]]>
            </line>
          </reporter-output>
        </test-method> <!-- testEnterTimeOffDetails -->
        <test-method status="PASS" signature="testEnterTimeOffDetails(com.orasi.bluesource.dataObject.TestEnterTimeOffDetailsData)[pri:0, instance:com.orasi.bluesource.test.TestEnterTimeOffDetails@6ce139a4]" name="testEnterTimeOffDetails" duration-ms="5884" started-at="2014-07-23T17:20:53Z" data-provider="createTimeOffData" finished-at="2014-07-23T17:20:59Z">
          <params>
            <param index="0">
              <value>
                <![CDATA[com.orasi.bluesource.dataObject.TestEnterTimeOffDetailsData@b70da4c]]>
              </value>
            </param>
          </params>
          <reporter-output>
            <line>
              <![CDATA[User was logged in successfully]]>
            </line>
            <line>
              <![CDATA[Selected the first employee]]>
            </line>
            <line>
              <![CDATA[Time off was entered]]>
            </line>
            <line>
              <![CDATA[Time off was saved successfully]]>
            </line>
            <line>
              <![CDATA[Time off requests were deleted successfully]]>
            </line>
          </reporter-output>
        </test-method> <!-- testEnterTimeOffDetails -->
        <test-method status="PASS" signature="catchExceptions(org.testng.ITestResult)[pri:0, instance:com.orasi.bluesource.test.TestEnterTimeOffDetails@6ce139a4]" name="catchExceptions" is-config="true" duration-ms="0" started-at="2014-07-23T17:20:53Z" finished-at="2014-07-23T17:20:53Z">
          <params>
            <param index="0">
              <value>
                <![CDATA[[TestResult name=testEnterTimeOffDetails status=SUCCESS method=TestEnterTimeOffDetails.testEnterTimeOffDetails(com.orasi.bluesource.dataObject.TestEnterTimeOffDetailsData)[pri:0, instance:com.orasi.bluesource.test.TestEnterTimeOffDetails@6ce139a4] output=User was logged in successfully]]]>
              </value>
            </param>
          </params>
          <reporter-output>
          </reporter-output>
        </test-method> <!-- catchExceptions -->
        <test-method status="PASS" signature="catchExceptions(org.testng.ITestResult)[pri:0, instance:com.orasi.bluesource.test.TestEnterTimeOffDetails@6ce139a4]" name="catchExceptions" is-config="true" duration-ms="1" started-at="2014-07-23T17:20:59Z" finished-at="2014-07-23T17:20:59Z">
          <params>
            <param index="0">
              <value>
                <![CDATA[[TestResult name=testEnterTimeOffDetails status=SUCCESS method=TestEnterTimeOffDetails.testEnterTimeOffDetails(com.orasi.bluesource.dataObject.TestEnterTimeOffDetailsData)[pri:0, instance:com.orasi.bluesource.test.TestEnterTimeOffDetails@6ce139a4] output=User was logged in successfully]]]>
              </value>
            </param>
          </params>
          <reporter-output>
          </reporter-output>
        </test-method> <!-- catchExceptions -->
        <test-method status="PASS" signature="testEnterTimeOffDetails(com.orasi.bluesource.dataObject.TestEnterTimeOffDetailsData)[pri:0, instance:com.orasi.bluesource.test.TestEnterTimeOffDetails@6ce139a4]" name="testEnterTimeOffDetails" duration-ms="15337" started-at="2014-07-23T17:20:59Z" data-provider="createTimeOffData" finished-at="2014-07-23T17:21:15Z">
          <params>
            <param index="0">
              <value>
                <![CDATA[com.orasi.bluesource.dataObject.TestEnterTimeOffDetailsData@bff34c6]]>
              </value>
            </param>
          </params>
          <reporter-output>
            <line>
              <![CDATA[User was logged in successfully]]>
            </line>
            <line>
              <![CDATA[Selected the first employee]]>
            </line>
            <line>
              <![CDATA[Time off was entered]]>
            </line>
            <line>
              <![CDATA[Time off was saved successfully]]>
            </line>
            <line>
              <![CDATA[Time off requests were deleted successfully]]>
            </line>
          </reporter-output>
        </test-method> <!-- testEnterTimeOffDetails -->
        <test-method status="PASS" signature="catchExceptions(org.testng.ITestResult)[pri:0, instance:com.orasi.bluesource.test.TestEnterTimeOffDetails@6ce139a4]" name="catchExceptions" is-config="true" duration-ms="1" started-at="2014-07-23T17:21:15Z" finished-at="2014-07-23T17:21:15Z">
          <params>
            <param index="0">
              <value>
                <![CDATA[[TestResult name=testEnterTimeOffDetails status=SUCCESS method=TestEnterTimeOffDetails.testEnterTimeOffDetails(com.orasi.bluesource.dataObject.TestEnterTimeOffDetailsData)[pri:0, instance:com.orasi.bluesource.test.TestEnterTimeOffDetails@6ce139a4] output=User was logged in successfully]]]>
              </value>
            </param>
          </params>
          <reporter-output>
          </reporter-output>
        </test-method> <!-- catchExceptions -->
        <test-method status="PASS" signature="cleanUp()[pri:0, instance:com.orasi.bluesource.test.TestEnterTimeOffDetails@6ce139a4]" name="cleanUp" is-config="true" duration-ms="1206" started-at="2014-07-23T17:21:15Z" finished-at="2014-07-23T17:21:16Z">
          <reporter-output>
          </reporter-output>
        </test-method> <!-- cleanUp -->
      </class> <!-- com.orasi.bluesource.test.TestEnterTimeOffDetails -->
    </test> <!-- Enter time off details for employee -->
  </suite> <!-- Regression -->
</testng-results>
